#set( $symbol_pound = '#' )
#set( $symbol_dollar = '$' )
#set( $symbol_escape = '\' )
<?xml version="1.0" encoding="UTF-8"?>
<!DOCTYPE suite SYSTEM "http://testng.org/testng-1.0.dtd">
<suite name="Component Suite">
    <test name="Component Tests">
        <packages>
            <package name="${package}.tests.*"/>
        </packages>
    </test>
</suite>
